{"D:\\Dosyalar\\Odev06\\src\\Game.jsx": {"path":"D:\\Dosyalar\\Odev06\\src\\Game.jsx","statementMap":{"0":{"start":{"line":7,"column":8},"end":{"line":7,"column":21}},"1":{"start":{"line":8,"column":8},"end":{"line":14,"column":9}},"2":{"start":{"line":16,"column":15},"end":{"line":44,"column":5}},"3":{"start":{"line":17,"column":49},"end":{"line":17,"column":59}},"4":{"start":{"line":19,"column":8},"end":{"line":43,"column":9}},"5":{"start":{"line":20,"column":29},"end":{"line":20,"column":38}},"6":{"start":{"line":23,"column":12},"end":{"line":31,"column":13}},"7":{"start":{"line":24,"column":16},"end":{"line":24,"column":48}},"8":{"start":{"line":25,"column":16},"end":{"line":25,"column":42}},"9":{"start":{"line":27,"column":16},"end":{"line":27,"column":48}},"10":{"start":{"line":28,"column":16},"end":{"line":30,"column":17}},"11":{"start":{"line":29,"column":20},"end":{"line":29,"column":45}},"12":{"start":{"line":32,"column":12},"end":{"line":36,"column":15}},"13":{"start":{"line":38,"column":12},"end":{"line":42,"column":13}},"14":{"start":{"line":39,"column":16},"end":{"line":41,"column":18}},"15":{"start":{"line":46,"column":15},"end":{"line":54,"column":5}},"16":{"start":{"line":47,"column":8},"end":{"line":53,"column":10}},"17":{"start":{"line":59,"column":29},"end":{"line":59,"column":39}},"18":{"start":{"line":60,"column":8},"end":{"line":73,"column":9}},"19":{"start":{"line":62,"column":76},"end":{"line":62,"column":92}},"20":{"start":{"line":63,"column":76},"end":{"line":63,"column":92}},"21":{"start":{"line":64,"column":76},"end":{"line":64,"column":92}}},"fnMap":{"0":{"name":"(anonymous_0)","decl":{"start":{"line":6,"column":4},"end":{"line":6,"column":5}},"loc":{"start":{"line":6,"column":23},"end":{"line":15,"column":5}},"line":6},"1":{"name":"(anonymous_1)","decl":{"start":{"line":16,"column":15},"end":{"line":16,"column":16}},"loc":{"start":{"line":16,"column":26},"end":{"line":44,"column":5}},"line":16},"2":{"name":"(anonymous_2)","decl":{"start":{"line":46,"column":15},"end":{"line":46,"column":16}},"loc":{"start":{"line":46,"column":21},"end":{"line":54,"column":5}},"line":46},"3":{"name":"(anonymous_3)","decl":{"start":{"line":58,"column":4},"end":{"line":58,"column":5}},"loc":{"start":{"line":58,"column":13},"end":{"line":74,"column":5}},"line":58},"4":{"name":"(anonymous_4)","decl":{"start":{"line":62,"column":71},"end":{"line":62,"column":72}},"loc":{"start":{"line":62,"column":75},"end":{"line":62,"column":93}},"line":62},"5":{"name":"(anonymous_5)","decl":{"start":{"line":63,"column":71},"end":{"line":63,"column":72}},"loc":{"start":{"line":63,"column":75},"end":{"line":63,"column":93}},"line":63},"6":{"name":"(anonymous_6)","decl":{"start":{"line":64,"column":71},"end":{"line":64,"column":72}},"loc":{"start":{"line":64,"column":75},"end":{"line":64,"column":93}},"line":64}},"branchMap":{"0":{"loc":{"start":{"line":19,"column":8},"end":{"line":43,"column":9}},"type":"if","locations":[{"start":{"line":19,"column":8},"end":{"line":43,"column":9}},{"start":{"line":19,"column":8},"end":{"line":43,"column":9}}],"line":19},"1":{"loc":{"start":{"line":23,"column":12},"end":{"line":31,"column":13}},"type":"if","locations":[{"start":{"line":23,"column":12},"end":{"line":31,"column":13}},{"start":{"line":23,"column":12},"end":{"line":31,"column":13}}],"line":23},"2":{"loc":{"start":{"line":28,"column":16},"end":{"line":30,"column":17}},"type":"if","locations":[{"start":{"line":28,"column":16},"end":{"line":30,"column":17}},{"start":{"line":28,"column":16},"end":{"line":30,"column":17}}],"line":28},"3":{"loc":{"start":{"line":38,"column":12},"end":{"line":42,"column":13}},"type":"if","locations":[{"start":{"line":38,"column":12},"end":{"line":42,"column":13}},{"start":{"line":38,"column":12},"end":{"line":42,"column":13}}],"line":38},"4":{"loc":{"start":{"line":66,"column":24},"end":{"line":66,"column":91}},"type":"cond-expr","locations":[{"start":{"line":66,"column":30},"end":{"line":66,"column":35}},{"start":{"line":66,"column":36},"end":{"line":66,"column":91}}],"line":66},"5":{"loc":{"start":{"line":68,"column":17},"end":{"line":70,"column":22}},"type":"binary-expr","locations":[{"start":{"line":68,"column":17},"end":{"line":68,"column":22}},{"start":{"line":68,"column":26},"end":{"line":70,"column":22}}],"line":68}},"s":{"0":7,"1":7,"2":7,"3":4,"4":4,"5":4,"6":4,"7":0,"8":0,"9":4,"10":4,"11":0,"12":4,"13":4,"14":0,"15":7,"16":0,"17":11,"18":11,"19":2,"20":1,"21":1},"f":{"0":7,"1":4,"2":0,"3":11,"4":2,"5":1,"6":1},"b":{"0":[4,0],"1":[0,4],"2":[0,4],"3":[0,4],"4":[0,11],"5":[11,0]},"_coverageSchema":"1a1c01bbd47fc00a2c39e90264f33305004495a9","hash":"0e305e4aed3cbf37a57bdbee31c9f222efa356bf"}
,"D:\\Dosyalar\\Odev06\\src\\home.jsx": {"path":"D:\\Dosyalar\\Odev06\\src\\home.jsx","statementMap":{"0":{"start":{"line":6,"column":8},"end":{"line":17,"column":10}}},"fnMap":{"0":{"name":"(anonymous_0)","decl":{"start":{"line":5,"column":4},"end":{"line":5,"column":5}},"loc":{"start":{"line":5,"column":13},"end":{"line":18,"column":5}},"line":5}},"branchMap":{},"s":{"0":0},"f":{"0":0},"b":{}}
,"D:\\Dosyalar\\Odev06\\src\\index.jsx": {"path":"D:\\Dosyalar\\Odev06\\src\\index.jsx","statementMap":{"0":{"start":{"line":9,"column":17},"end":{"line":19,"column":1}},"1":{"start":{"line":10,"column":4},"end":{"line":18,"column":5}},"2":{"start":{"line":21,"column":19},"end":{"line":33,"column":1}},"3":{"start":{"line":22,"column":4},"end":{"line":32,"column":6}},"4":{"start":{"line":34,"column":0},"end":{"line":34,"column":58}}},"fnMap":{"0":{"name":"(anonymous_0)","decl":{"start":{"line":9,"column":17},"end":{"line":9,"column":18}},"loc":{"start":{"line":9,"column":23},"end":{"line":19,"column":1}},"line":9},"1":{"name":"(anonymous_1)","decl":{"start":{"line":21,"column":19},"end":{"line":21,"column":20}},"loc":{"start":{"line":21,"column":25},"end":{"line":33,"column":1}},"line":21}},"branchMap":{},"s":{"0":0,"1":0,"2":0,"3":0,"4":0},"f":{"0":0,"1":0},"b":{}}
,"D:\\Dosyalar\\Odev06\\src\\server\\server.js": {"path":"D:\\Dosyalar\\Odev06\\src\\server\\server.js","statementMap":{"0":{"start":{"line":9,"column":17},"end":{"line":19,"column":1}},"1":{"start":{"line":10,"column":4},"end":{"line":18,"column":5}},"2":{"start":{"line":21,"column":19},"end":{"line":33,"column":1}},"3":{"start":{"line":22,"column":4},"end":{"line":32,"column":6}},"4":{"start":{"line":34,"column":0},"end":{"line":34,"column":58}}},"fnMap":{"0":{"name":"(anonymous_0)","decl":{"start":{"line":9,"column":17},"end":{"line":9,"column":18}},"loc":{"start":{"line":9,"column":23},"end":{"line":19,"column":1}},"line":9},"1":{"name":"(anonymous_1)","decl":{"start":{"line":21,"column":19},"end":{"line":21,"column":20}},"loc":{"start":{"line":21,"column":25},"end":{"line":33,"column":1}},"line":21}},"branchMap":{},"s":{"0":0,"1":0,"2":0,"3":0,"4":0},"f":{"0":0,"1":0},"b":{}}
}
