TN:
SF:src\Game.jsx
FN:6,(anonymous_0)
FN:16,(anonymous_1)
FN:46,(anonymous_2)
FN:58,(anonymous_3)
FN:62,(anonymous_4)
FN:63,(anonymous_5)
FN:64,(anonymous_6)
FNF:7
FNH:6
FNDA:7,(anonymous_0)
FNDA:4,(anonymous_1)
FNDA:0,(anonymous_2)
FNDA:11,(anonymous_3)
FNDA:2,(anonymous_4)
FNDA:1,(anonymous_5)
FNDA:1,(anonymous_6)
DA:7,7
DA:8,7
DA:16,7
DA:17,4
DA:19,4
DA:20,4
DA:23,4
DA:24,0
DA:25,0
DA:27,4
DA:28,4
DA:29,0
DA:32,4
DA:38,4
DA:39,0
DA:46,7
DA:47,0
DA:59,11
DA:60,11
DA:62,2
DA:63,1
DA:64,1
LF:22
LH:17
BRDA:19,0,0,4
BRDA:19,0,1,0
BRDA:23,1,0,0
BRDA:23,1,1,4
BRDA:28,2,0,0
BRDA:28,2,1,4
BRDA:38,3,0,0
BRDA:38,3,1,4
BRDA:66,4,0,0
BRDA:66,4,1,11
BRDA:68,5,0,11
BRDA:68,5,1,0
BRF:12
BRH:6
end_of_record
TN:
SF:src\home.jsx
FN:5,(anonymous_0)
FNF:1
FNH:0
FNDA:0,(anonymous_0)
DA:6,0
LF:1
LH:0
BRF:0
BRH:0
end_of_record
TN:
SF:src\index.jsx
FN:9,(anonymous_0)
FN:21,(anonymous_1)
FNF:2
FNH:0
FNDA:0,(anonymous_0)
FNDA:0,(anonymous_1)
DA:9,0
DA:10,0
DA:21,0
DA:22,0
DA:34,0
LF:5
LH:0
BRF:0
BRH:0
end_of_record
TN:
SF:src\server\server.js
FN:9,(anonymous_0)
FN:21,(anonymous_1)
FNF:2
FNH:0
FNDA:0,(anonymous_0)
FNDA:0,(anonymous_1)
DA:9,0
DA:10,0
DA:21,0
DA:22,0
DA:34,0
LF:5
LH:0
BRF:0
BRH:0
end_of_record
