<?xml version="1.0" encoding="UTF-8"?>
<coverage generated="1617221170844" clover="3.2.0">
  <project timestamp="1617221170844" name="All files">
    <metrics statements="24" coveredstatements="20" conditionals="12" coveredconditionals="10" methods="8" coveredmethods="6" elements="44" coveredelements="36" complexity="0" loc="24" ncloc="24" packages="1" files="2" classes="2"/>
    <file name="Game.jsx" path="D:\Dosyalar\Github\1030520803_BS436_WebProgramlama\Odev04\src\Game.jsx">
      <metrics statements="22" coveredstatements="20" conditionals="12" coveredconditionals="10" methods="7" coveredmethods="6"/>
      <line num="6" count="7" type="stmt"/>
      <line num="7" count="7" type="stmt"/>
      <line num="15" count="7" type="stmt"/>
      <line num="16" count="4" type="stmt"/>
      <line num="18" count="4" type="cond" truecount="1" falsecount="1"/>
      <line num="19" count="4" type="stmt"/>
      <line num="22" count="4" type="cond" truecount="2" falsecount="0"/>
      <line num="23" count="1" type="stmt"/>
      <line num="24" count="1" type="stmt"/>
      <line num="26" count="3" type="stmt"/>
      <line num="27" count="3" type="cond" truecount="1" falsecount="1"/>
      <line num="28" count="0" type="stmt"/>
      <line num="31" count="4" type="stmt"/>
      <line num="37" count="4" type="cond" truecount="2" falsecount="0"/>
      <line num="38" count="1" type="stmt"/>
      <line num="45" count="7" type="stmt"/>
      <line num="46" count="0" type="stmt"/>
      <line num="58" count="11" type="stmt"/>
      <line num="59" count="11" type="stmt"/>
      <line num="61" count="2" type="stmt"/>
      <line num="62" count="1" type="stmt"/>
      <line num="63" count="1" type="stmt"/>
    </file>
    <file name="index.jsx" path="D:\Dosyalar\Github\1030520803_BS436_WebProgramlama\Odev04\src\index.jsx">
      <metrics statements="2" coveredstatements="0" conditionals="0" coveredconditionals="0" methods="1" coveredmethods="0"/>
      <line num="9" count="0" type="stmt"/>
      <line num="17" count="0" type="stmt"/>
    </file>
  </project>
</coverage>
