{"D:\\Dosyalar\\Github\\1030520803_BS436_WebProgramlama\\Odev04\\src\\Game.jsx": {"path":"D:\\Dosyalar\\Github\\1030520803_BS436_WebProgramlama\\Odev04\\src\\Game.jsx","statementMap":{"0":{"start":{"line":6,"column":8},"end":{"line":6,"column":21}},"1":{"start":{"line":7,"column":8},"end":{"line":13,"column":9}},"2":{"start":{"line":15,"column":15},"end":{"line":43,"column":5}},"3":{"start":{"line":16,"column":49},"end":{"line":16,"column":59}},"4":{"start":{"line":18,"column":8},"end":{"line":42,"column":9}},"5":{"start":{"line":19,"column":29},"end":{"line":19,"column":38}},"6":{"start":{"line":22,"column":12},"end":{"line":30,"column":13}},"7":{"start":{"line":23,"column":16},"end":{"line":23,"column":48}},"8":{"start":{"line":24,"column":16},"end":{"line":24,"column":42}},"9":{"start":{"line":26,"column":16},"end":{"line":26,"column":48}},"10":{"start":{"line":27,"column":16},"end":{"line":29,"column":17}},"11":{"start":{"line":28,"column":20},"end":{"line":28,"column":45}},"12":{"start":{"line":31,"column":12},"end":{"line":35,"column":15}},"13":{"start":{"line":37,"column":12},"end":{"line":41,"column":13}},"14":{"start":{"line":38,"column":16},"end":{"line":40,"column":18}},"15":{"start":{"line":45,"column":15},"end":{"line":53,"column":5}},"16":{"start":{"line":46,"column":8},"end":{"line":52,"column":10}},"17":{"start":{"line":58,"column":29},"end":{"line":58,"column":39}},"18":{"start":{"line":59,"column":8},"end":{"line":72,"column":9}},"19":{"start":{"line":61,"column":76},"end":{"line":61,"column":92}},"20":{"start":{"line":62,"column":76},"end":{"line":62,"column":92}},"21":{"start":{"line":63,"column":76},"end":{"line":63,"column":92}}},"fnMap":{"0":{"name":"(anonymous_0)","decl":{"start":{"line":5,"column":4},"end":{"line":5,"column":5}},"loc":{"start":{"line":5,"column":23},"end":{"line":14,"column":5}},"line":5},"1":{"name":"(anonymous_1)","decl":{"start":{"line":15,"column":15},"end":{"line":15,"column":16}},"loc":{"start":{"line":15,"column":26},"end":{"line":43,"column":5}},"line":15},"2":{"name":"(anonymous_2)","decl":{"start":{"line":45,"column":15},"end":{"line":45,"column":16}},"loc":{"start":{"line":45,"column":21},"end":{"line":53,"column":5}},"line":45},"3":{"name":"(anonymous_3)","decl":{"start":{"line":57,"column":4},"end":{"line":57,"column":5}},"loc":{"start":{"line":57,"column":13},"end":{"line":73,"column":5}},"line":57},"4":{"name":"(anonymous_4)","decl":{"start":{"line":61,"column":71},"end":{"line":61,"column":72}},"loc":{"start":{"line":61,"column":75},"end":{"line":61,"column":93}},"line":61},"5":{"name":"(anonymous_5)","decl":{"start":{"line":62,"column":71},"end":{"line":62,"column":72}},"loc":{"start":{"line":62,"column":75},"end":{"line":62,"column":93}},"line":62},"6":{"name":"(anonymous_6)","decl":{"start":{"line":63,"column":71},"end":{"line":63,"column":72}},"loc":{"start":{"line":63,"column":75},"end":{"line":63,"column":93}},"line":63}},"branchMap":{"0":{"loc":{"start":{"line":18,"column":8},"end":{"line":42,"column":9}},"type":"if","locations":[{"start":{"line":18,"column":8},"end":{"line":42,"column":9}},{"start":{"line":18,"column":8},"end":{"line":42,"column":9}}],"line":18},"1":{"loc":{"start":{"line":22,"column":12},"end":{"line":30,"column":13}},"type":"if","locations":[{"start":{"line":22,"column":12},"end":{"line":30,"column":13}},{"start":{"line":22,"column":12},"end":{"line":30,"column":13}}],"line":22},"2":{"loc":{"start":{"line":27,"column":16},"end":{"line":29,"column":17}},"type":"if","locations":[{"start":{"line":27,"column":16},"end":{"line":29,"column":17}},{"start":{"line":27,"column":16},"end":{"line":29,"column":17}}],"line":27},"3":{"loc":{"start":{"line":37,"column":12},"end":{"line":41,"column":13}},"type":"if","locations":[{"start":{"line":37,"column":12},"end":{"line":41,"column":13}},{"start":{"line":37,"column":12},"end":{"line":41,"column":13}}],"line":37},"4":{"loc":{"start":{"line":65,"column":24},"end":{"line":65,"column":91}},"type":"cond-expr","locations":[{"start":{"line":65,"column":30},"end":{"line":65,"column":35}},{"start":{"line":65,"column":36},"end":{"line":65,"column":91}}],"line":65},"5":{"loc":{"start":{"line":66,"column":21},"end":{"line":68,"column":24}},"type":"binary-expr","locations":[{"start":{"line":66,"column":21},"end":{"line":66,"column":26}},{"start":{"line":66,"column":30},"end":{"line":68,"column":24}}],"line":66}},"s":{"0":4,"1":4,"2":4,"3":3,"4":3,"5":2,"6":2,"7":1,"8":1,"9":1,"10":1,"11":0,"12":2,"13":2,"14":1,"15":4,"16":0,"17":6,"18":6,"19":1,"20":1,"21":1},"f":{"0":4,"1":3,"2":0,"3":6,"4":1,"5":1,"6":1},"b":{"0":[2,1],"1":[1,1],"2":[0,1],"3":[1,1],"4":[1,5],"5":[6,1]},"_coverageSchema":"1a1c01bbd47fc00a2c39e90264f33305004495a9","hash":"1e47e7803f593abbab31fd75adaa6a282e2b114a"}
,"D:\\Dosyalar\\Github\\1030520803_BS436_WebProgramlama\\Odev04\\src\\index.jsx": {"path":"D:\\Dosyalar\\Github\\1030520803_BS436_WebProgramlama\\Odev04\\src\\index.jsx","statementMap":{"0":{"start":{"line":9,"column":8},"end":{"line":13,"column":9}},"1":{"start":{"line":17,"column":0},"end":{"line":17,"column":57}}},"fnMap":{"0":{"name":"(anonymous_0)","decl":{"start":{"line":8,"column":4},"end":{"line":8,"column":5}},"loc":{"start":{"line":8,"column":13},"end":{"line":14,"column":5}},"line":8}},"branchMap":{},"s":{"0":0,"1":0},"f":{"0":0},"b":{}}
}
