{"D:\\Dosyalar\\Odev04\\src\\Game.jsx": {"path":"D:\\Dosyalar\\Odev04\\src\\Game.jsx","statementMap":{"0":{"start":{"line":3,"column":11},"end":{"line":7,"column":1}},"1":{"start":{"line":9,"column":13},"end":{"line":9,"column":14}},"2":{"start":{"line":12,"column":12},"end":{"line":12,"column":19}},"3":{"start":{"line":14,"column":4},"end":{"line":19,"column":5}},"4":{"start":{"line":14,"column":17},"end":{"line":14,"column":31}},"5":{"start":{"line":15,"column":16},"end":{"line":15,"column":51}},"6":{"start":{"line":16,"column":19},"end":{"line":16,"column":25}},"7":{"start":{"line":17,"column":8},"end":{"line":17,"column":24}},"8":{"start":{"line":18,"column":8},"end":{"line":18,"column":22}},"9":{"start":{"line":20,"column":4},"end":{"line":20,"column":15}},"10":{"start":{"line":22,"column":0},"end":{"line":22,"column":15}},"11":{"start":{"line":23,"column":0},"end":{"line":23,"column":19}},"12":{"start":{"line":28,"column":18},"end":{"line":53,"column":5}},"13":{"start":{"line":30,"column":22},"end":{"line":30,"column":49}},"14":{"start":{"line":31,"column":20},"end":{"line":31,"column":47}},"15":{"start":{"line":32,"column":8},"end":{"line":32,"column":24}},"16":{"start":{"line":33,"column":8},"end":{"line":33,"column":30}},"17":{"start":{"line":34,"column":8},"end":{"line":34,"column":19}},"18":{"start":{"line":36,"column":8},"end":{"line":52,"column":9}},"19":{"start":{"line":38,"column":12},"end":{"line":38,"column":38}},"20":{"start":{"line":39,"column":12},"end":{"line":39,"column":71}},"21":{"start":{"line":40,"column":12},"end":{"line":40,"column":74}},"22":{"start":{"line":41,"column":12},"end":{"line":41,"column":69}},"23":{"start":{"line":42,"column":12},"end":{"line":42,"column":57}},"24":{"start":{"line":45,"column":13},"end":{"line":52,"column":9}},"25":{"start":{"line":47,"column":12},"end":{"line":47,"column":39}},"26":{"start":{"line":48,"column":12},"end":{"line":48,"column":72}},"27":{"start":{"line":49,"column":12},"end":{"line":49,"column":75}},"28":{"start":{"line":50,"column":12},"end":{"line":50,"column":70}},"29":{"start":{"line":58,"column":8},"end":{"line":66,"column":9}},"30":{"start":{"line":60,"column":84},"end":{"line":60,"column":108}},"31":{"start":{"line":61,"column":84},"end":{"line":61,"column":108}},"32":{"start":{"line":62,"column":84},"end":{"line":62,"column":108}}},"fnMap":{"0":{"name":"shuffle","decl":{"start":{"line":13,"column":9},"end":{"line":13,"column":16}},"loc":{"start":{"line":13,"column":22},"end":{"line":21,"column":1}},"line":13},"1":{"name":"(anonymous_1)","decl":{"start":{"line":28,"column":18},"end":{"line":28,"column":19}},"loc":{"start":{"line":28,"column":26},"end":{"line":53,"column":5}},"line":28},"2":{"name":"(anonymous_2)","decl":{"start":{"line":56,"column":4},"end":{"line":56,"column":5}},"loc":{"start":{"line":56,"column":13},"end":{"line":67,"column":5}},"line":56},"3":{"name":"(anonymous_3)","decl":{"start":{"line":60,"column":77},"end":{"line":60,"column":78}},"loc":{"start":{"line":60,"column":84},"end":{"line":60,"column":108}},"line":60},"4":{"name":"(anonymous_4)","decl":{"start":{"line":61,"column":77},"end":{"line":61,"column":78}},"loc":{"start":{"line":61,"column":84},"end":{"line":61,"column":108}},"line":61},"5":{"name":"(anonymous_5)","decl":{"start":{"line":62,"column":77},"end":{"line":62,"column":78}},"loc":{"start":{"line":62,"column":84},"end":{"line":62,"column":108}},"line":62}},"branchMap":{"0":{"loc":{"start":{"line":36,"column":8},"end":{"line":52,"column":9}},"type":"if","locations":[{"start":{"line":36,"column":8},"end":{"line":52,"column":9}},{"start":{"line":36,"column":8},"end":{"line":52,"column":9}}],"line":36},"1":{"loc":{"start":{"line":45,"column":13},"end":{"line":52,"column":9}},"type":"if","locations":[{"start":{"line":45,"column":13},"end":{"line":52,"column":9}},{"start":{"line":45,"column":13},"end":{"line":52,"column":9}}],"line":45},"2":{"loc":{"start":{"line":45,"column":16},"end":{"line":45,"column":54}},"type":"binary-expr","locations":[{"start":{"line":45,"column":16},"end":{"line":45,"column":37}},{"start":{"line":45,"column":41},"end":{"line":45,"column":54}}],"line":45}},"s":{"0":1,"1":1,"2":1,"3":1,"4":1,"5":2,"6":2,"7":2,"8":2,"9":1,"10":1,"11":1,"12":2,"13":1,"14":1,"15":1,"16":0,"17":0,"18":0,"19":0,"20":0,"21":0,"22":0,"23":0,"24":0,"25":0,"26":0,"27":0,"28":0,"29":2,"30":0,"31":0,"32":1},"f":{"0":1,"1":1,"2":2,"3":0,"4":0,"5":1},"b":{"0":[0,0],"1":[0,0],"2":[0,0]},"_coverageSchema":"1a1c01bbd47fc00a2c39e90264f33305004495a9","hash":"c8f13ac59c9c452e37ae898de98ada7a385aa1c6"}
,"D:\\Dosyalar\\Odev04\\src\\index.jsx": {"path":"D:\\Dosyalar\\Odev04\\src\\index.jsx","statementMap":{"0":{"start":{"line":9,"column":8},"end":{"line":13,"column":9}},"1":{"start":{"line":17,"column":0},"end":{"line":17,"column":57}}},"fnMap":{"0":{"name":"(anonymous_0)","decl":{"start":{"line":8,"column":4},"end":{"line":8,"column":5}},"loc":{"start":{"line":8,"column":13},"end":{"line":14,"column":5}},"line":8}},"branchMap":{},"s":{"0":0,"1":0},"f":{"0":0},"b":{}}
}
