TN:
SF:src\Game.jsx
FN:5,(anonymous_0)
FN:15,(anonymous_1)
FN:45,(anonymous_2)
FN:57,(anonymous_3)
FN:61,(anonymous_4)
FN:62,(anonymous_5)
FN:63,(anonymous_6)
FNF:7
FNH:6
FNDA:4,(anonymous_0)
FNDA:3,(anonymous_1)
FNDA:0,(anonymous_2)
FNDA:6,(anonymous_3)
FNDA:1,(anonymous_4)
FNDA:1,(anonymous_5)
FNDA:1,(anonymous_6)
DA:6,4
DA:7,4
DA:15,4
DA:16,3
DA:18,3
DA:19,2
DA:22,2
DA:23,1
DA:24,1
DA:26,1
DA:27,1
DA:28,0
DA:31,2
DA:37,2
DA:38,1
DA:45,4
DA:46,0
DA:58,6
DA:59,6
DA:61,1
DA:62,1
DA:63,1
LF:22
LH:20
BRDA:18,0,0,2
BRDA:18,0,1,1
BRDA:22,1,0,1
BRDA:22,1,1,1
BRDA:27,2,0,0
BRDA:27,2,1,1
BRDA:37,3,0,1
BRDA:37,3,1,1
BRDA:65,4,0,1
BRDA:65,4,1,5
BRDA:66,5,0,6
BRDA:66,5,1,1
BRF:12
BRH:11
end_of_record
TN:
SF:src\index.jsx
FN:8,(anonymous_0)
FNF:1
FNH:0
FNDA:0,(anonymous_0)
DA:9,0
DA:17,0
LF:2
LH:0
BRF:0
BRH:0
end_of_record
